<?xml version="1.0" encoding="UTF-8"?>
<testsuite name="com.github.guenhter.junit.FooTest" tests="1" skipped="0" failures="0" errors="0" timestamp="2023-01-11T08:51:38" hostname="pcs" time="0.0">
  <properties/>
  <testcase name="it is true()" classname="com.github.guenhter.junit.FooTest" time="0.0"/>
  <system-out><![CDATA[Hi beforeAll
Hi postProcessTestInstance
Hi beforeEach
Hi beforeTestExecution
Hi afterTestExecution
Hi afterEach
Hi afterAll
]]></system-out>
  <system-err><![CDATA[]]></system-err>
</testsuite>
