<?xml version="1.0" encoding="UTF-8"?>
<testsuite name="com.github.guenhter.spek2.CalculatorSpek" tests="6" skipped="0" failures="0" errors="0" timestamp="2023-01-11T08:51:38" hostname="pcs" time="0.003">
  <properties/>
  <testcase name="should be a positive sum when summing two positive numbers" classname="com.github.guenhter.spek2.CalculatorSpek" time="0.0"/>
  <testcase name="should be a negative number when one number is negative and absolute-bigger than the other" classname="com.github.guenhter.spek2.CalculatorSpek" time="0.0"/>
  <testcase name="should be a positive number when one number is negative and absolute-smaller than the other" classname="com.github.guenhter.spek2.CalculatorSpek" time="0.0"/>
  <testcase name="should be zero when one number is negative and absolute-equal to the positive one" classname="com.github.guenhter.spek2.CalculatorSpek" time="0.0"/>
  <testcase name="should be a positive sum when subtracting a negative number from a positive number" classname="com.github.guenhter.spek2.CalculatorSpek" time="0.0"/>
  <testcase name="should be a positive number when subtracting a positive number from a negative number" classname="com.github.guenhter.spek2.CalculatorSpek" time="0.0"/>
  <system-out><![CDATA[]]></system-out>
  <system-err><![CDATA[]]></system-err>
</testsuite>
